<?xml version="1.0" encoding="UTF-8"?>
<testsuite xmlns:xsi="http://www.w3.org/2001/XMLSchema-instance" xsi:noNamespaceSchemaLocation="https://maven.apache.org/surefire/maven-surefire-plugin/xsd/surefire-test-report.xsd" version="3.0.1" name="es.uva.AppTest" time="0.59" tests="9" errors="0" skipped="0" failures="0">
  <properties>
    <property name="java.specification.version" value="21"/>
    <property name="sun.jnu.encoding" value="UTF-8"/>
    <property name="java.class.path" value="/home/antonio_agp21/SISTEMAS DISTRIBUIDOS/distribuidos/sockets/practica-juego/target/test-classes:/home/antonio_agp21/SISTEMAS DISTRIBUIDOS/distribuidos/sockets/practica-juego/target/classes:/home/antonio_agp21/.m2/repository/org/junit/jupiter/junit-jupiter-api/5.11.0/junit-jupiter-api-5.11.0.jar:/home/antonio_agp21/.m2/repository/org/opentest4j/opentest4j/1.3.0/opentest4j-1.3.0.jar:/home/antonio_agp21/.m2/repository/org/junit/platform/junit-platform-commons/1.11.0/junit-platform-commons-1.11.0.jar:/home/antonio_agp21/.m2/repository/org/apiguardian/apiguardian-api/1.1.2/apiguardian-api-1.1.2.jar:/home/antonio_agp21/.m2/repository/org/junit/jupiter/junit-jupiter-params/5.11.0/junit-jupiter-params-5.11.0.jar:/home/antonio_agp21/.m2/repository/org/slf4j/slf4j-api/1.7.22/slf4j-api-1.7.22.jar:/home/antonio_agp21/.m2/repository/org/slf4j/slf4j-simple/1.7.22/slf4j-simple-1.7.22.jar:"/>
    <property name="java.vm.vendor" value="Ubuntu"/>
    <property name="sun.arch.data.model" value="64"/>
    <property name="java.vendor.url" value="https://ubuntu.com/"/>
    <property name="os.name" value="Linux"/>
    <property name="java.vm.specification.version" value="21"/>
    <property name="sun.java.launcher" value="SUN_STANDARD"/>
    <property name="sun.boot.library.path" value="/usr/lib/jvm/java-21-openjdk-amd64/lib"/>
    <property name="sun.java.command" value="/home/antonio_agp21/SISTEMAS DISTRIBUIDOS/distribuidos/sockets/practica-juego/target/surefire/surefirebooter-20241214172353939_3.jar /home/antonio_agp21/SISTEMAS DISTRIBUIDOS/distribuidos/sockets/practica-juego/target/surefire 2024-12-14T17-23-53_538-jvmRun1 surefire-20241214172353939_1tmp surefire_0-20241214172353939_2tmp"/>
    <property name="jdk.debug" value="release"/>
    <property name="surefire.test.class.path" value="/home/antonio_agp21/SISTEMAS DISTRIBUIDOS/distribuidos/sockets/practica-juego/target/test-classes:/home/antonio_agp21/SISTEMAS DISTRIBUIDOS/distribuidos/sockets/practica-juego/target/classes:/home/antonio_agp21/.m2/repository/org/junit/jupiter/junit-jupiter-api/5.11.0/junit-jupiter-api-5.11.0.jar:/home/antonio_agp21/.m2/repository/org/opentest4j/opentest4j/1.3.0/opentest4j-1.3.0.jar:/home/antonio_agp21/.m2/repository/org/junit/platform/junit-platform-commons/1.11.0/junit-platform-commons-1.11.0.jar:/home/antonio_agp21/.m2/repository/org/apiguardian/apiguardian-api/1.1.2/apiguardian-api-1.1.2.jar:/home/antonio_agp21/.m2/repository/org/junit/jupiter/junit-jupiter-params/5.11.0/junit-jupiter-params-5.11.0.jar:/home/antonio_agp21/.m2/repository/org/slf4j/slf4j-api/1.7.22/slf4j-api-1.7.22.jar:/home/antonio_agp21/.m2/repository/org/slf4j/slf4j-simple/1.7.22/slf4j-simple-1.7.22.jar:"/>
    <property name="sun.cpu.endian" value="little"/>
    <property name="user.home" value="/home/antonio_agp21"/>
    <property name="user.language" value="en"/>
    <property name="java.specification.vendor" value="Oracle Corporation"/>
    <property name="java.version.date" value="2024-10-15"/>
    <property name="java.home" value="/usr/lib/jvm/java-21-openjdk-amd64"/>
    <property name="file.separator" value="/"/>
    <property name="basedir" value="/home/antonio_agp21/SISTEMAS DISTRIBUIDOS/distribuidos/sockets/practica-juego"/>
    <property name="java.vm.compressedOopsMode" value="32-bit"/>
    <property name="line.separator" value="&#10;"/>
    <property name="java.vm.specification.vendor" value="Oracle Corporation"/>
    <property name="java.specification.name" value="Java Platform API Specification"/>
    <property name="surefire.real.class.path" value="/home/antonio_agp21/SISTEMAS DISTRIBUIDOS/distribuidos/sockets/practica-juego/target/surefire/surefirebooter-20241214172353939_3.jar"/>
    <property name="sun.management.compiler" value="HotSpot 64-Bit Tiered Compilers"/>
    <property name="java.runtime.version" value="21.0.5+11-Ubuntu-1ubuntu122.04"/>
    <property name="user.name" value="antonio_agp21"/>
    <property name="stdout.encoding" value="UTF-8"/>
    <property name="path.separator" value=":"/>
    <property name="os.version" value="5.15.83.1-microsoft-standard-WSL2"/>
    <property name="java.runtime.name" value="OpenJDK Runtime Environment"/>
    <property name="file.encoding" value="UTF-8"/>
    <property name="java.vm.name" value="OpenJDK 64-Bit Server VM"/>
    <property name="junit.jupiter.execution.parallel.enabled" value="false"/>
    <property name="localRepository" value="/home/antonio_agp21/.m2/repository"/>
    <property name="java.vendor.url.bug" value="https://bugs.launchpad.net/ubuntu/+source/openjdk-21"/>
    <property name="java.io.tmpdir" value="/tmp"/>
    <property name="java.version" value="21.0.5"/>
    <property name="user.dir" value="/home/antonio_agp21/SISTEMAS DISTRIBUIDOS/distribuidos/sockets/practica-juego"/>
    <property name="os.arch" value="amd64"/>
    <property name="java.vm.specification.name" value="Java Virtual Machine Specification"/>
    <property name="native.encoding" value="UTF-8"/>
    <property name="java.library.path" value="/usr/java/packages/lib:/usr/lib/x86_64-linux-gnu/jni:/lib/x86_64-linux-gnu:/usr/lib/x86_64-linux-gnu:/usr/lib/jni:/lib:/usr/lib"/>
    <property name="stderr.encoding" value="UTF-8"/>
    <property name="java.vm.info" value="mixed mode, sharing"/>
    <property name="java.vendor" value="Ubuntu"/>
    <property name="java.vm.version" value="21.0.5+11-Ubuntu-1ubuntu122.04"/>
    <property name="sun.io.unicode.encoding" value="UnicodeLittle"/>
    <property name="java.class.version" value="65.0"/>
  </properties>
  <testcase name="shouldDig" classname="es.uva.AppTest" time="0.166">
    <system-out><![CDATA[Nuevo managerCliente...
&amp#27;[H&amp#27;[2J 
----------
| @|  |  |
----------
|  |  |  |
----------
|  |  |  |
----------
Nuevo managerCliente...
&amp#27;[H&amp#27;[2J 
----------
| A|  |  |
----------
|  | @|  |
----------
|  |  |  |
----------
&amp#27;[H&amp#27;[2J 
----------
|  |  |  |
----------
|  | @|  |
----------
|  |  |  |
----------
&amp#27;[H&amp#27;[2J 
----------
| A|  |  |
----------
|  | @|  |
----------
|  |  |  |
----------
&amp#27;[H&amp#27;[2J 
----------
| A|  |  |
----------
|  | @|  |
----------
|  |  |  |
----------
&amp#27;[H&amp#27;[2J 
----------
| A|  |  |
----------
|  | @|  |
----------
|  |  |  |
----------
&amp#27;[H&amp#27;[2J 
----------
| A|  |  |
----------
|  | @|  |
----------
|  |  |  |
----------
&amp#27;[H&amp#27;[2J 
----------
| A|  |  |
----------
|  | @|  |
----------
|  |  |  |
----------
&amp#27;[H&amp#27;[2J 
----------
| A|  |  |
----------
|  | @|  |
----------
|  |  |  |
----------
]]></system-out>
    <system-err><![CDATA[[main] INFO es.uva.sockets.ManagerCliente - Nuevo managerCliente creado
[main] INFO es.uva.sockets.ManagerCliente - Nuevo managerCliente creado
[main] INFO es.uva.sockets.ServidorJuego - PLAYER JOIN <1> <0> <0>--
[main] INFO es.uva.sockets.ServidorJuego - DIG <0> <FAIL>
[main] INFO es.uva.sockets.ServidorJuego - DIG <0> <FAIL>
]]></system-err>
  </testcase>
  <testcase name="shouldEnd" classname="es.uva.AppTest" time="0.023">
    <system-out><![CDATA[Nuevo managerCliente...
&amp#27;[H&amp#27;[2J 
----------
| @|  |  |
----------
|  |  |  |
----------
|  |  |  |
----------
Nuevo managerCliente...
&amp#27;[H&amp#27;[2J 
----------
| A|  |  |
----------
|  | @|  |
----------
|  |  |  |
----------
&amp#27;[H&amp#27;[2J 
----------
|  |  |  |
----------
|  | @|  |
----------
|  |  |  |
----------
&amp#27;[H&amp#27;[2J 
----------
| A|  |  |
----------
|  | @|  |
----------
|  |  |  |
----------
&amp#27;[H&amp#27;[2J 
----------
| A|  |  |
----------
|  | @|  |
----------
|  |  |  |
----------
&amp#27;[H&amp#27;[2J 
----------
| A|  |  |
----------
|  | @|  |
----------
|  |  |  |
----------
&amp#27;[H&amp#27;[2J 
----------
| A|  |  |
----------
|  | @|  |
----------
|  |  |  |
----------
&amp#27;[H&amp#27;[2J 
----------
| A|  |  |
----------
|  | @|  |
----------
|  |  |  |
----------
&amp#27;[H&amp#27;[2J 
----------
| A|  |  |
----------
|  | @|  |
----------
|  |  |  |
----------
]]></system-out>
    <system-err><![CDATA[[main] INFO es.uva.sockets.ManagerCliente - Nuevo managerCliente creado
[main] INFO es.uva.sockets.ManagerCliente - Nuevo managerCliente creado
[main] INFO es.uva.sockets.ServidorJuego - PLAYER JOIN <1> <0> <0>--
[main] INFO es.uva.sockets.ServidorJuego - DIG <0> <SUCCESS>
[main] INFO es.uva.sockets.ServidorJuego - DIG <0> <SUCCESS>
[main] INFO es.uva.sockets.ClienteJuego - Juego finalizado. Cerrando conexi贸n...
[main] INFO es.uva.sockets.ClienteJuego - Conexi贸n cerrada
[main] INFO es.uva.sockets.ClienteJuego - Juego finalizado. Cerrando conexi贸n...
[main] INFO es.uva.sockets.ClienteJuego - Conexi贸n cerrada
]]></system-err>
  </testcase>
  <testcase name="deberiaBorrar" classname="es.uva.AppTest" time="0.059">
    <system-out><![CDATA[Nuevo managerCliente...
&amp#27;[H&amp#27;[2J 
----------
| @|  |  |
----------
|  |  |  |
----------
|  |  |  |
----------
&amp#27;[H&amp#27;[2J 
----------
| @|  |  |
----------
|  |  |  |
----------
|  |  |  |
----------
&amp#27;[H&amp#27;[2J 
----------
| @|  |  |
----------
|  |  |  |
----------
|  |  |  |
----------
&amp#27;[H&amp#27;[2J 
----------
| @|  |  |
----------
|  |  |  |
----------
|  |  |  |
----------
&amp#27;[H&amp#27;[2J 
----------
| @|  |  |
----------
|  |  |  |
----------
|  |  |  |
----------
]]></system-out>
    <system-err><![CDATA[[main] INFO es.uva.sockets.ManagerCliente - Nuevo managerCliente creado
[main] INFO es.uva.sockets.ServidorJuego - DIG <0> <FAIL>
[main] INFO es.uva.sockets.ServidorJuego - ERASE <0> 0 0 0
]]></system-err>
  </testcase>
  <testcase name="shouldJoin" classname="es.uva.AppTest" time="0.015">
    <system-out><![CDATA[Nuevo managerCliente...
&amp#27;[H&amp#27;[2J 
----------
| @|  |  |
----------
|  |  |  |
----------
|  |  |  |
----------
]]></system-out>
    <system-err><![CDATA[[main] INFO es.uva.sockets.ManagerCliente - Nuevo managerCliente creado
]]></system-err>
  </testcase>
  <testcase name="shouldMove(String, int, int)[1]" classname="es.uva.AppTest" time="0.055">
    <system-out><![CDATA[Nuevo managerCliente...
&amp#27;[H&amp#27;[2J 
----------
| @|  |  |
----------
|  |  |  |
----------
|  |  |  |
----------
Nuevo managerCliente...
&amp#27;[H&amp#27;[2J 
----------
| A|  |  |
----------
|  | @|  |
----------
|  |  |  |
----------
&amp#27;[H&amp#27;[2J 
----------
|  |  |  |
----------
|  | @|  |
----------
|  |  |  |
----------
&amp#27;[H&amp#27;[2J 
----------
| A|  |  |
----------
|  | @|  |
----------
|  |  |  |
----------
&amp#27;[H&amp#27;[2J 
----------
| A|  |  |
----------
|  | @|  |
----------
|  |  |  |
----------
&amp#27;[H&amp#27;[2J 
----------
| A| @|  |
----------
|  |  |  |
----------
|  |  |  |
----------
&amp#27;[H&amp#27;[2J 
----------
| A| @|  |
----------
|  |  |  |
----------
|  |  |  |
----------
&amp#27;[H&amp#27;[2J 
----------
| A| @|  |
----------
|  |  |  |
----------
|  |  |  |
----------
&amp#27;[H&amp#27;[2J 
----------
| A| @|  |
----------
|  |  |  |
----------
|  |  |  |
----------
]]></system-out>
    <system-err><![CDATA[[main] INFO es.uva.sockets.ManagerCliente - Nuevo managerCliente creado
[main] INFO es.uva.sockets.ManagerCliente - Nuevo managerCliente creado
[main] INFO es.uva.sockets.ServidorJuego - PLAYER JOIN <1> <0> <0>--
[main] INFO es.uva.sockets.ServidorJuego - MOVE UP <0>
[main] INFO es.uva.sockets.ServidorJuego - MOVE UP <0>
]]></system-err>
  </testcase>
  <testcase name="shouldMove(String, int, int)[2]" classname="es.uva.AppTest" time="0.018">
    <system-out><![CDATA[Nuevo managerCliente...
&amp#27;[H&amp#27;[2J 
----------
| @|  |  |
----------
|  |  |  |
----------
|  |  |  |
----------
Nuevo managerCliente...
&amp#27;[H&amp#27;[2J 
----------
| A|  |  |
----------
|  | @|  |
----------
|  |  |  |
----------
&amp#27;[H&amp#27;[2J 
----------
|  |  |  |
----------
|  | @|  |
----------
|  |  |  |
----------
&amp#27;[H&amp#27;[2J 
----------
| A|  |  |
----------
|  | @|  |
----------
|  |  |  |
----------
&amp#27;[H&amp#27;[2J 
----------
| A|  |  |
----------
|  | @|  |
----------
|  |  |  |
----------
&amp#27;[H&amp#27;[2J 
----------
| A|  |  |
----------
|  |  |  |
----------
|  | @|  |
----------
&amp#27;[H&amp#27;[2J 
----------
| A|  |  |
----------
|  |  |  |
----------
|  | @|  |
----------
&amp#27;[H&amp#27;[2J 
----------
| A|  |  |
----------
|  |  |  |
----------
|  | @|  |
----------
&amp#27;[H&amp#27;[2J 
----------
| A|  |  |
----------
|  |  |  |
----------
|  | @|  |
----------
]]></system-out>
    <system-err><![CDATA[[main] INFO es.uva.sockets.ManagerCliente - Nuevo managerCliente creado
[main] INFO es.uva.sockets.ManagerCliente - Nuevo managerCliente creado
[main] INFO es.uva.sockets.ServidorJuego - PLAYER JOIN <1> <0> <0>--
[main] INFO es.uva.sockets.ServidorJuego - MOVE DOWN <0>
[main] INFO es.uva.sockets.ServidorJuego - MOVE DOWN <0>
]]></system-err>
  </testcase>
  <testcase name="shouldMove(String, int, int)[3]" classname="es.uva.AppTest" time="0.023">
    <system-out><![CDATA[Nuevo managerCliente...
&amp#27;[H&amp#27;[2J 
----------
| @|  |  |
----------
|  |  |  |
----------
|  |  |  |
----------
Nuevo managerCliente...
&amp#27;[H&amp#27;[2J 
----------
| A|  |  |
----------
|  | @|  |
----------
|  |  |  |
----------
&amp#27;[H&amp#27;[2J 
----------
|  |  |  |
----------
|  | @|  |
----------
|  |  |  |
----------
&amp#27;[H&amp#27;[2J 
----------
| A|  |  |
----------
|  | @|  |
----------
|  |  |  |
----------
&amp#27;[H&amp#27;[2J 
----------
| A|  |  |
----------
|  | @|  |
----------
|  |  |  |
----------
&amp#27;[H&amp#27;[2J 
----------
| A|  |  |
----------
| @|  |  |
----------
|  |  |  |
----------
&amp#27;[H&amp#27;[2J 
----------
| A|  |  |
----------
| @|  |  |
----------
|  |  |  |
----------
&amp#27;[H&amp#27;[2J 
----------
| A|  |  |
----------
| @|  |  |
----------
|  |  |  |
----------
&amp#27;[H&amp#27;[2J 
----------
| A|  |  |
----------
| @|  |  |
----------
|  |  |  |
----------
]]></system-out>
    <system-err><![CDATA[[main] INFO es.uva.sockets.ManagerCliente - Nuevo managerCliente creado
[main] INFO es.uva.sockets.ManagerCliente - Nuevo managerCliente creado
[main] INFO es.uva.sockets.ServidorJuego - PLAYER JOIN <1> <0> <0>--
[main] INFO es.uva.sockets.ServidorJuego - MOVE LEFT <0>
[main] INFO es.uva.sockets.ServidorJuego - MOVE LEFT <0>
]]></system-err>
  </testcase>
  <testcase name="shouldMove(String, int, int)[4]" classname="es.uva.AppTest" time="0.02">
    <system-out><![CDATA[Nuevo managerCliente...
&amp#27;[H&amp#27;[2J 
----------
| @|  |  |
----------
|  |  |  |
----------
|  |  |  |
----------
Nuevo managerCliente...
&amp#27;[H&amp#27;[2J 
----------
| A|  |  |
----------
|  | @|  |
----------
|  |  |  |
----------
&amp#27;[H&amp#27;[2J 
----------
|  |  |  |
----------
|  | @|  |
----------
|  |  |  |
----------
&amp#27;[H&amp#27;[2J 
----------
| A|  |  |
----------
|  | @|  |
----------
|  |  |  |
----------
&amp#27;[H&amp#27;[2J 
----------
| A|  |  |
----------
|  | @|  |
----------
|  |  |  |
----------
&amp#27;[H&amp#27;[2J 
----------
| A|  |  |
----------
|  |  | @|
----------
|  |  |  |
----------
&amp#27;[H&amp#27;[2J 
----------
| A|  |  |
----------
|  |  | @|
----------
|  |  |  |
----------
&amp#27;[H&amp#27;[2J 
----------
| A|  |  |
----------
|  |  | @|
----------
|  |  |  |
----------
&amp#27;[H&amp#27;[2J 
----------
| A|  |  |
----------
|  |  | @|
----------
|  |  |  |
----------
]]></system-out>
    <system-err><![CDATA[[main] INFO es.uva.sockets.ManagerCliente - Nuevo managerCliente creado
[main] INFO es.uva.sockets.ManagerCliente - Nuevo managerCliente creado
[main] INFO es.uva.sockets.ServidorJuego - PLAYER JOIN <1> <0> <0>--
[main] INFO es.uva.sockets.ServidorJuego - MOVE RIGHT <0>
[main] INFO es.uva.sockets.ServidorJuego - MOVE RIGHT <0>
]]></system-err>
  </testcase>
  <testcase name="shouldBroadcastJoin" classname="es.uva.AppTest" time="0.014">
    <system-out><![CDATA[Nuevo managerCliente...
&amp#27;[H&amp#27;[2J 
----------
| @|  |  |
----------
|  |  |  |
----------
|  |  |  |
----------
Nuevo managerCliente...
&amp#27;[H&amp#27;[2J 
----------
| A|  |  |
----------
|  |  |  |
----------
|  |  |  |
----------
&amp#27;[H&amp#27;[2J 
----------
| A|  |  |
----------
|  |  |  |
----------
|  |  |  |
----------
&amp#27;[H&amp#27;[2J 
----------
| @|  |  |
----------
|  |  |  |
----------
|  |  |  |
----------
&amp#27;[H&amp#27;[2J 
----------
| A|  |  |
----------
|  |  |  |
----------
|  |  |  |
----------
]]></system-out>
    <system-err><![CDATA[[main] INFO es.uva.sockets.ManagerCliente - Nuevo managerCliente creado
[main] INFO es.uva.sockets.ManagerCliente - Nuevo managerCliente creado
[main] INFO es.uva.sockets.ServidorJuego - PLAYER JOIN <1> <0> <0>--
]]></system-err>
  </testcase>
</testsuite>